<?xml version="1.0" encoding="UTF-8"?>
<!-- Generated by org.testng.reporters.JUnitReportReporter -->
<testsuite skipped="0" hostname="LAPTOP-MVQSVA7E" name="git1Test.Git1Test" tests="1" failures="0" timestamp="17 Oct 2020 11:21:17 GMT" time="14.868" errors="0">
  <testcase name="loginTest" time="14.868" classname="git1Test.Git1Test"/>
</testsuite> <!-- git1Test.Git1Test -->
