<?xml version="1.0" encoding="UTF-8"?>
<!-- Generated by org.testng.reporters.JUnitReportReporter -->
<testsuite skipped="0" hostname="LAPTOP-MVQSVA7E" name="git1Test.Git1Test" tests="1" failures="0" timestamp="18 Mar 2021 07:43:22 GMT" time="9.440" errors="0">
  <testcase name="loginTest" time="9.440" classname="git1Test.Git1Test"/>
</testsuite> <!-- git1Test.Git1Test -->
