<?xml version="1.0" encoding="UTF-8"?>
<!-- Generated by org.testng.reporters.JUnitReportReporter -->
<testsuite skipped="0" hostname="LAPTOP-MVQSVA7E" name="git1Test.Git1Test" tests="1" failures="0" timestamp="24 Oct 2020 10:31:22 GMT" time="15.942" errors="0">
  <testcase name="loginTest" time="15.942" classname="git1Test.Git1Test"/>
</testsuite> <!-- git1Test.Git1Test -->
