<?xml version="1.0" encoding="UTF-8"?>
<!-- Generated by org.testng.reporters.JUnitReportReporter -->
<testsuite skipped="0" hostname="LAPTOP-MVQSVA7E" name="git2Test.Git2Test" tests="1" failures="0" timestamp="24 Oct 2020 10:31:22 GMT" time="10.800" errors="0">
  <testcase name="loginTest" time="10.800" classname="git2Test.Git2Test"/>
</testsuite> <!-- git2Test.Git2Test -->
